*** Starting uWSGI 2.0.17.1 (64bit) on [Tue Nov 27 17:53:49 2018] ***
compiled with version: 4.2.1 Compatible Apple LLVM 9.1.0 (clang-902.0.39.2) on 27 November 2018 08:43:17
os: Darwin-17.5.0 Darwin Kernel Version 17.5.0: Mon Mar  5 22:24:32 PST 2018; root:xnu-4570.51.1~1/RELEASE_X86_64
nodename: Karthiks-MacBook-Pro.local
machine: x86_64
clock source: unix
detected number of CPU cores: 4
current working directory: /Users/karthikragunath/Documents/GitHub/uWSGIFlask
detected binary path: /Library/Frameworks/Python.framework/Versions/3.6/bin/uwsgi
!!! no internal routing support, rebuild with pcre support !!!
chdir() to /Users/karthikragunath/Documents/GitHub/
your processes number limit is 709
your memory page size is 4096 bytes
detected max file descriptor number: 7168
lock engine: OSX spinlocks
thunder lock: disabled (you can enable it with --thunder-lock)
uwsgi socket 0 bound to UNIX address /Users/karthikragunath/Documents/GitHub/uWSGIFlask.sock fd 3
Python version: 3.6.6 (v3.6.6:4cf1f54eb7, Jun 26 2018, 19:50:54)  [GCC 4.2.1 Compatible Apple LLVM 6.0 (clang-600.0.57)]
*** Python threads support is disabled. You can enable it with --enable-threads ***
Python main interpreter initialized at 0x7fd21e004e00
your server socket listen backlog is limited to 100 connections
your mercy for graceful operations on workers is 60 seconds
mapped 437328 bytes (427 KB) for 5 cores
*** Operational MODE: preforking ***
WSGI app 0 (mountpoint='') ready in 0 seconds on interpreter 0x7fd21e004e00 pid: 86516 (default app)
*** uWSGI is running in multiple interpreter mode ***
spawned uWSGI master process (pid: 86516)
spawned uWSGI worker 1 (pid: 86518, cores: 1)
spawned uWSGI worker 2 (pid: 86519, cores: 1)
spawned uWSGI worker 3 (pid: 86520, cores: 1)
spawned uWSGI worker 4 (pid: 86521, cores: 1)
spawned uWSGI worker 5 (pid: 86522, cores: 1)
SIGINT/SIGQUIT received...killing workers...
worker 5 buried after 1 seconds
worker 4 buried after 1 seconds
worker 3 buried after 1 seconds
worker 2 buried after 1 seconds
worker 1 buried after 1 seconds
goodbye to uWSGI.
VACUUM: unix socket /Users/karthikragunath/Documents/GitHub/uWSGIFlask.sock removed.
*** Starting uWSGI 2.0.17.1 (64bit) on [Tue Nov 27 18:02:46 2018] ***
compiled with version: 4.2.1 Compatible Apple LLVM 9.1.0 (clang-902.0.39.2) on 27 November 2018 08:43:17
os: Darwin-17.5.0 Darwin Kernel Version 17.5.0: Mon Mar  5 22:24:32 PST 2018; root:xnu-4570.51.1~1/RELEASE_X86_64
nodename: Karthiks-MacBook-Pro.local
machine: x86_64
clock source: unix
detected number of CPU cores: 4
current working directory: /Users/karthikragunath/Documents/GitHub/uWSGIFlask
detected binary path: /Library/Frameworks/Python.framework/Versions/3.6/bin/uwsgi
!!! no internal routing support, rebuild with pcre support !!!
chdir() to /Users/karthikragunath/Documents/GitHub/
your processes number limit is 709
your memory page size is 4096 bytes
detected max file descriptor number: 7168
lock engine: OSX spinlocks
thunder lock: disabled (you can enable it with --thunder-lock)
uwsgi socket 0 bound to UNIX address /Users/karthikragunath/Documents/GitHub/uWSGIFlask.sock fd 3
Python version: 3.6.6 (v3.6.6:4cf1f54eb7, Jun 26 2018, 19:50:54)  [GCC 4.2.1 Compatible Apple LLVM 6.0 (clang-600.0.57)]
*** Python threads support is disabled. You can enable it with --enable-threads ***
Python main interpreter initialized at 0x7fa144014000
your server socket listen backlog is limited to 100 connections
your mercy for graceful operations on workers is 60 seconds
mapped 437328 bytes (427 KB) for 5 cores
*** Operational MODE: preforking ***
Traceback (most recent call last):
  File "./uWSGIFlask/wsgi.py", line 1, in <module>
    from app import app as application
ModuleNotFoundError: No module named 'app'
unable to load app 0 (mountpoint='') (callable not found or import error)
*** no app loaded. going in full dynamic mode ***
*** uWSGI is running in multiple interpreter mode ***
spawned uWSGI master process (pid: 86612)
spawned uWSGI worker 1 (pid: 86613, cores: 1)
spawned uWSGI worker 2 (pid: 86614, cores: 1)
spawned uWSGI worker 3 (pid: 86615, cores: 1)
spawned uWSGI worker 4 (pid: 86616, cores: 1)
spawned uWSGI worker 5 (pid: 86617, cores: 1)
SIGINT/SIGQUIT received...killing workers...
worker 5 buried after 1 seconds
worker 4 buried after 1 seconds
worker 3 buried after 1 seconds
worker 2 buried after 1 seconds
worker 1 buried after 1 seconds
goodbye to uWSGI.
VACUUM: unix socket /Users/karthikragunath/Documents/GitHub/uWSGIFlask.sock removed.
*** Starting uWSGI 2.0.17.1 (64bit) on [Tue Nov 27 18:05:38 2018] ***
compiled with version: 4.2.1 Compatible Apple LLVM 9.1.0 (clang-902.0.39.2) on 27 November 2018 08:43:17
os: Darwin-17.5.0 Darwin Kernel Version 17.5.0: Mon Mar  5 22:24:32 PST 2018; root:xnu-4570.51.1~1/RELEASE_X86_64
nodename: Karthiks-MacBook-Pro.local
machine: x86_64
clock source: unix
detected number of CPU cores: 4
current working directory: /Users/karthikragunath/Documents/GitHub/uWSGIFlask
detected binary path: /Library/Frameworks/Python.framework/Versions/3.6/bin/uwsgi
!!! no internal routing support, rebuild with pcre support !!!
chdir() to /Users/karthikragunath/Documents/GitHub/
your processes number limit is 709
your memory page size is 4096 bytes
detected max file descriptor number: 7168
lock engine: OSX spinlocks
thunder lock: disabled (you can enable it with --thunder-lock)
uwsgi socket 0 bound to UNIX address /Users/karthikragunath/Documents/GitHub/uWSGIFlask.sock fd 3
Python version: 3.6.6 (v3.6.6:4cf1f54eb7, Jun 26 2018, 19:50:54)  [GCC 4.2.1 Compatible Apple LLVM 6.0 (clang-600.0.57)]
*** Python threads support is disabled. You can enable it with --enable-threads ***
Python main interpreter initialized at 0x7fa633828600
your server socket listen backlog is limited to 100 connections
your mercy for graceful operations on workers is 60 seconds
mapped 437328 bytes (427 KB) for 5 cores
*** Operational MODE: preforking ***
Traceback (most recent call last):
  File "./uWSGIFlask/wsgi.py", line 1, in <module>
    from app import app as application
ModuleNotFoundError: No module named 'app'
unable to load app 0 (mountpoint='') (callable not found or import error)
*** no app loaded. going in full dynamic mode ***
*** uWSGI is running in multiple interpreter mode ***
spawned uWSGI master process (pid: 86656)
spawned uWSGI worker 1 (pid: 86657, cores: 1)
spawned uWSGI worker 2 (pid: 86658, cores: 1)
spawned uWSGI worker 3 (pid: 86659, cores: 1)
spawned uWSGI worker 4 (pid: 86660, cores: 1)
spawned uWSGI worker 5 (pid: 86661, cores: 1)
SIGINT/SIGQUIT received...killing workers...
worker 5 buried after 1 seconds
worker 4 buried after 1 seconds
worker 3 buried after 1 seconds
worker 2 buried after 1 seconds
worker 1 buried after 1 seconds
goodbye to uWSGI.
VACUUM: unix socket /Users/karthikragunath/Documents/GitHub/uWSGIFlask.sock removed.
*** Starting uWSGI 2.0.17.1 (64bit) on [Tue Nov 27 18:07:05 2018] ***
compiled with version: 4.2.1 Compatible Apple LLVM 9.1.0 (clang-902.0.39.2) on 27 November 2018 08:43:17
os: Darwin-17.5.0 Darwin Kernel Version 17.5.0: Mon Mar  5 22:24:32 PST 2018; root:xnu-4570.51.1~1/RELEASE_X86_64
nodename: Karthiks-MacBook-Pro.local
machine: x86_64
clock source: unix
detected number of CPU cores: 4
current working directory: /Users/karthikragunath/Documents/GitHub/uWSGIFlask
detected binary path: /Library/Frameworks/Python.framework/Versions/3.6/bin/uwsgi
!!! no internal routing support, rebuild with pcre support !!!
chdir() to /Users/karthikragunath/Documents/GitHub/
your processes number limit is 709
your memory page size is 4096 bytes
detected max file descriptor number: 7168
lock engine: OSX spinlocks
thunder lock: disabled (you can enable it with --thunder-lock)
uwsgi socket 0 bound to UNIX address /Users/karthikragunath/Documents/GitHub/uWSGIFlask.sock fd 3
Python version: 3.6.6 (v3.6.6:4cf1f54eb7, Jun 26 2018, 19:50:54)  [GCC 4.2.1 Compatible Apple LLVM 6.0 (clang-600.0.57)]
*** Python threads support is disabled. You can enable it with --enable-threads ***
Python main interpreter initialized at 0x7fd417005800
your server socket listen backlog is limited to 100 connections
your mercy for graceful operations on workers is 60 seconds
mapped 437328 bytes (427 KB) for 5 cores
*** Operational MODE: preforking ***
Traceback (most recent call last):
  File "./uWSGIFlask/wsgi.py", line 1, in <module>
    from app import app as application
ModuleNotFoundError: No module named 'app'
unable to load app 0 (mountpoint='') (callable not found or import error)
*** no app loaded. going in full dynamic mode ***
*** uWSGI is running in multiple interpreter mode ***
spawned uWSGI master process (pid: 86674)
spawned uWSGI worker 1 (pid: 86675, cores: 1)
spawned uWSGI worker 2 (pid: 86676, cores: 1)
spawned uWSGI worker 3 (pid: 86677, cores: 1)
spawned uWSGI worker 4 (pid: 86678, cores: 1)
spawned uWSGI worker 5 (pid: 86679, cores: 1)
SIGINT/SIGQUIT received...killing workers...
worker 5 buried after 1 seconds
worker 4 buried after 1 seconds
worker 3 buried after 1 seconds
worker 2 buried after 1 seconds
worker 1 buried after 1 seconds
goodbye to uWSGI.
VACUUM: unix socket /Users/karthikragunath/Documents/GitHub/uWSGIFlask.sock removed.
*** Starting uWSGI 2.0.17.1 (64bit) on [Tue Nov 27 18:09:54 2018] ***
compiled with version: 4.2.1 Compatible Apple LLVM 9.1.0 (clang-902.0.39.2) on 27 November 2018 08:43:17
os: Darwin-17.5.0 Darwin Kernel Version 17.5.0: Mon Mar  5 22:24:32 PST 2018; root:xnu-4570.51.1~1/RELEASE_X86_64
nodename: Karthiks-MacBook-Pro.local
machine: x86_64
clock source: unix
detected number of CPU cores: 4
current working directory: /Users/karthikragunath/Documents/GitHub/uWSGIFlask
detected binary path: /Library/Frameworks/Python.framework/Versions/3.6/bin/uwsgi
!!! no internal routing support, rebuild with pcre support !!!
chdir() to /Users/karthikragunath/Documents/GitHub/
your processes number limit is 709
your memory page size is 4096 bytes
detected max file descriptor number: 7168
lock engine: OSX spinlocks
thunder lock: disabled (you can enable it with --thunder-lock)
uwsgi socket 0 bound to UNIX address /Users/karthikragunath/Documents/GitHub/uWSGIFlask.sock fd 3
Python version: 3.6.6 (v3.6.6:4cf1f54eb7, Jun 26 2018, 19:50:54)  [GCC 4.2.1 Compatible Apple LLVM 6.0 (clang-600.0.57)]
*** Python threads support is disabled. You can enable it with --enable-threads ***
Python main interpreter initialized at 0x7f911f000e00
your server socket listen backlog is limited to 100 connections
your mercy for graceful operations on workers is 60 seconds
mapped 437328 bytes (427 KB) for 5 cores
*** Operational MODE: preforking ***
ModuleNotFoundError: No module named 'uWSGIFlask/wsgi'
unable to load app 0 (mountpoint='') (callable not found or import error)
*** no app loaded. going in full dynamic mode ***
*** uWSGI is running in multiple interpreter mode ***
spawned uWSGI master process (pid: 86690)
spawned uWSGI worker 1 (pid: 86691, cores: 1)
spawned uWSGI worker 2 (pid: 86692, cores: 1)
spawned uWSGI worker 3 (pid: 86693, cores: 1)
spawned uWSGI worker 4 (pid: 86694, cores: 1)
spawned uWSGI worker 5 (pid: 86695, cores: 1)
SIGINT/SIGQUIT received...killing workers...
worker 5 buried after 1 seconds
worker 4 buried after 1 seconds
worker 3 buried after 1 seconds
worker 2 buried after 1 seconds
worker 1 buried after 1 seconds
goodbye to uWSGI.
VACUUM: unix socket /Users/karthikragunath/Documents/GitHub/uWSGIFlask.sock removed.
*** Starting uWSGI 2.0.17.1 (64bit) on [Tue Nov 27 18:18:32 2018] ***
compiled with version: 4.2.1 Compatible Apple LLVM 9.1.0 (clang-902.0.39.2) on 27 November 2018 08:43:17
os: Darwin-17.5.0 Darwin Kernel Version 17.5.0: Mon Mar  5 22:24:32 PST 2018; root:xnu-4570.51.1~1/RELEASE_X86_64
nodename: Karthiks-MacBook-Pro.local
machine: x86_64
clock source: unix
detected number of CPU cores: 4
current working directory: /Users/karthikragunath/Documents/GitHub/uWSGIFlask
detected binary path: /Library/Frameworks/Python.framework/Versions/3.6/bin/uwsgi
!!! no internal routing support, rebuild with pcre support !!!
chdir() to /Users/karthikragunath/Documents/GitHub/
your processes number limit is 709
your memory page size is 4096 bytes
detected max file descriptor number: 7168
lock engine: OSX spinlocks
thunder lock: disabled (you can enable it with --thunder-lock)
uwsgi socket 0 bound to TCP address 0.0.0.0:8000 fd 3
Python version: 3.6.6 (v3.6.6:4cf1f54eb7, Jun 26 2018, 19:50:54)  [GCC 4.2.1 Compatible Apple LLVM 6.0 (clang-600.0.57)]
*** Python threads support is disabled. You can enable it with --enable-threads ***
Python main interpreter initialized at 0x7fe9ad82d400
your server socket listen backlog is limited to 100 connections
your mercy for graceful operations on workers is 60 seconds
mapped 437328 bytes (427 KB) for 5 cores
*** Operational MODE: preforking ***
Traceback (most recent call last):
  File "./uWSGIFlask/wsgi.py", line 1, in <module>
    from app import app as application
ModuleNotFoundError: No module named 'app'
unable to load app 0 (mountpoint='') (callable not found or import error)
*** no app loaded. going in full dynamic mode ***
*** uWSGI is running in multiple interpreter mode ***
spawned uWSGI master process (pid: 86820)
spawned uWSGI worker 1 (pid: 86821, cores: 1)
spawned uWSGI worker 2 (pid: 86822, cores: 1)
spawned uWSGI worker 3 (pid: 86823, cores: 1)
spawned uWSGI worker 4 (pid: 86824, cores: 1)
spawned uWSGI worker 5 (pid: 86825, cores: 1)
invalid request block size: 21573 (max 4096)...skip
invalid request block size: 21573 (max 4096)...skip
invalid request block size: 21573 (max 4096)...skip
invalid request block size: 21573 (max 4096)...skip
invalid request block size: 21573 (max 4096)...skip
invalid request block size: 21573 (max 4096)...skip
invalid request block size: 21573 (max 4096)...skip
invalid request block size: 21573 (max 4096)...skip
invalid request block size: 21573 (max 4096)...skip
invalid request block size: 21573 (max 4096)...skip
invalid request block size: 21573 (max 4096)...skip
invalid request block size: 21573 (max 4096)...skip
SIGINT/SIGQUIT received...killing workers...
worker 5 buried after 1 seconds
worker 4 buried after 1 seconds
worker 3 buried after 1 seconds
worker 2 buried after 1 seconds
worker 1 buried after 1 seconds
goodbye to uWSGI.
*** Starting uWSGI 2.0.17.1 (64bit) on [Tue Nov 27 18:19:59 2018] ***
compiled with version: 4.2.1 Compatible Apple LLVM 9.1.0 (clang-902.0.39.2) on 27 November 2018 08:43:17
os: Darwin-17.5.0 Darwin Kernel Version 17.5.0: Mon Mar  5 22:24:32 PST 2018; root:xnu-4570.51.1~1/RELEASE_X86_64
nodename: Karthiks-MacBook-Pro.local
machine: x86_64
clock source: unix
detected number of CPU cores: 4
current working directory: /Users/karthikragunath/Documents/GitHub/uWSGIFlask
detected binary path: /Library/Frameworks/Python.framework/Versions/3.6/bin/uwsgi
!!! no internal routing support, rebuild with pcre support !!!
chdir() to /Users/karthikragunath/Documents/GitHub/
your processes number limit is 709
your memory page size is 4096 bytes
detected max file descriptor number: 7168
lock engine: OSX spinlocks
thunder lock: disabled (you can enable it with --thunder-lock)
uwsgi socket 0 bound to TCP address 0.0.0.0:8000 fd 3
Python version: 3.6.6 (v3.6.6:4cf1f54eb7, Jun 26 2018, 19:50:54)  [GCC 4.2.1 Compatible Apple LLVM 6.0 (clang-600.0.57)]
*** Python threads support is disabled. You can enable it with --enable-threads ***
Python main interpreter initialized at 0x7f9c7282a200
your server socket listen backlog is limited to 100 connections
your mercy for graceful operations on workers is 60 seconds
mapped 437328 bytes (427 KB) for 5 cores
*** Operational MODE: preforking ***
Traceback (most recent call last):
  File "./uWSGIFlask/wsgi.py", line 1, in <module>
    from .app import app as application
  File "./uWSGIFlask/app.py", line 3, in <module>
    from fib import getfib
ModuleNotFoundError: No module named 'fib'
unable to load app 0 (mountpoint='') (callable not found or import error)
*** no app loaded. going in full dynamic mode ***
*** uWSGI is running in multiple interpreter mode ***
spawned uWSGI master process (pid: 86852)
spawned uWSGI worker 1 (pid: 86853, cores: 1)
spawned uWSGI worker 2 (pid: 86854, cores: 1)
spawned uWSGI worker 3 (pid: 86855, cores: 1)
spawned uWSGI worker 4 (pid: 86856, cores: 1)
spawned uWSGI worker 5 (pid: 86857, cores: 1)
invalid request block size: 21573 (max 4096)...skip
invalid request block size: 21573 (max 4096)...skip
invalid request block size: 21573 (max 4096)...skip
SIGINT/SIGQUIT received...killing workers...
worker 5 buried after 1 seconds
worker 4 buried after 1 seconds
worker 3 buried after 1 seconds
worker 2 buried after 1 seconds
worker 1 buried after 1 seconds
goodbye to uWSGI.
*** Starting uWSGI 2.0.17.1 (64bit) on [Tue Nov 27 18:20:37 2018] ***
compiled with version: 4.2.1 Compatible Apple LLVM 9.1.0 (clang-902.0.39.2) on 27 November 2018 08:43:17
os: Darwin-17.5.0 Darwin Kernel Version 17.5.0: Mon Mar  5 22:24:32 PST 2018; root:xnu-4570.51.1~1/RELEASE_X86_64
nodename: Karthiks-MacBook-Pro.local
machine: x86_64
clock source: unix
detected number of CPU cores: 4
current working directory: /Users/karthikragunath/Documents/GitHub/uWSGIFlask
detected binary path: /Library/Frameworks/Python.framework/Versions/3.6/bin/uwsgi
!!! no internal routing support, rebuild with pcre support !!!
chdir() to /Users/karthikragunath/Documents/GitHub/
your processes number limit is 709
your memory page size is 4096 bytes
detected max file descriptor number: 7168
lock engine: OSX spinlocks
thunder lock: disabled (you can enable it with --thunder-lock)
uwsgi socket 0 bound to TCP address 0.0.0.0:8000 fd 3
Python version: 3.6.6 (v3.6.6:4cf1f54eb7, Jun 26 2018, 19:50:54)  [GCC 4.2.1 Compatible Apple LLVM 6.0 (clang-600.0.57)]
*** Python threads support is disabled. You can enable it with --enable-threads ***
Python main interpreter initialized at 0x7fd2fb02d400
your server socket listen backlog is limited to 100 connections
your mercy for graceful operations on workers is 60 seconds
mapped 437328 bytes (427 KB) for 5 cores
*** Operational MODE: preforking ***
WSGI app 0 (mountpoint='') ready in 0 seconds on interpreter 0x7fd2fb02d400 pid: 86859 (default app)
*** uWSGI is running in multiple interpreter mode ***
spawned uWSGI master process (pid: 86859)
spawned uWSGI worker 1 (pid: 86860, cores: 1)
spawned uWSGI worker 2 (pid: 86861, cores: 1)
spawned uWSGI worker 3 (pid: 86862, cores: 1)
spawned uWSGI worker 4 (pid: 86863, cores: 1)
spawned uWSGI worker 5 (pid: 86864, cores: 1)
invalid request block size: 21573 (max 4096)...skip
invalid request block size: 21573 (max 4096)...skip
invalid request block size: 21573 (max 4096)...skip
invalid request block size: 21573 (max 4096)...skip
invalid request block size: 21573 (max 4096)...skip
invalid request block size: 21573 (max 4096)...skip
SIGINT/SIGQUIT received...killing workers...
worker 5 buried after 1 seconds
worker 4 buried after 1 seconds
worker 3 buried after 1 seconds
worker 2 buried after 1 seconds
worker 1 buried after 1 seconds
goodbye to uWSGI.
*** Starting uWSGI 2.0.17.1 (64bit) on [Tue Nov 27 18:22:19 2018] ***
compiled with version: 4.2.1 Compatible Apple LLVM 9.1.0 (clang-902.0.39.2) on 27 November 2018 08:43:17
os: Darwin-17.5.0 Darwin Kernel Version 17.5.0: Mon Mar  5 22:24:32 PST 2018; root:xnu-4570.51.1~1/RELEASE_X86_64
nodename: Karthiks-MacBook-Pro.local
machine: x86_64
clock source: unix
detected number of CPU cores: 4
current working directory: /Users/karthikragunath/Documents/GitHub/uWSGIFlask
detected binary path: /Library/Frameworks/Python.framework/Versions/3.6/bin/uwsgi
!!! no internal routing support, rebuild with pcre support !!!
chdir() to /Users/karthikragunath/Documents/GitHub/
your processes number limit is 709
your memory page size is 4096 bytes
detected max file descriptor number: 7168
lock engine: OSX spinlocks
thunder lock: disabled (you can enable it with --thunder-lock)
uWSGI http bound on 0.0.0.0:8000 fd 4
uwsgi socket 0 bound to TCP address 127.0.0.1:58528 (port auto-assigned) fd 3
Python version: 3.6.6 (v3.6.6:4cf1f54eb7, Jun 26 2018, 19:50:54)  [GCC 4.2.1 Compatible Apple LLVM 6.0 (clang-600.0.57)]
*** Python threads support is disabled. You can enable it with --enable-threads ***
Python main interpreter initialized at 0x7f8052015a00
your server socket listen backlog is limited to 100 connections
your mercy for graceful operations on workers is 60 seconds
mapped 437328 bytes (427 KB) for 5 cores
*** Operational MODE: preforking ***
WSGI app 0 (mountpoint='') ready in 0 seconds on interpreter 0x7f8052015a00 pid: 86867 (default app)
*** uWSGI is running in multiple interpreter mode ***
spawned uWSGI master process (pid: 86867)
spawned uWSGI worker 1 (pid: 86868, cores: 1)
spawned uWSGI worker 2 (pid: 86869, cores: 1)
spawned uWSGI worker 3 (pid: 86870, cores: 1)
spawned uWSGI worker 4 (pid: 86871, cores: 1)
spawned uWSGI worker 5 (pid: 86872, cores: 1)
spawned uWSGI http 1 (pid: 86873)
9
[pid: 86872|app: 0|req: 1/1] 127.0.0.1 () {38 vars in 681 bytes} [Tue Nov 27 18:22:33 2018] GET /9 => generated 25 bytes in 5 msecs (HTTP/1.1 200) 2 headers in 79 bytes (1 switches on core 0)
SIGINT/SIGQUIT received...killing workers...
gateway "uWSGI http 1" has been buried (pid: 86873)
worker 5 buried after 1 seconds
worker 4 buried after 1 seconds
worker 3 buried after 1 seconds
worker 2 buried after 1 seconds
worker 1 buried after 1 seconds
goodbye to uWSGI.
*** Starting uWSGI 2.0.17.1 (64bit) on [Tue Nov 27 18:36:08 2018] ***
compiled with version: 4.2.1 Compatible Apple LLVM 9.1.0 (clang-902.0.39.2) on 27 November 2018 08:43:17
os: Darwin-17.5.0 Darwin Kernel Version 17.5.0: Mon Mar  5 22:24:32 PST 2018; root:xnu-4570.51.1~1/RELEASE_X86_64
nodename: Karthiks-MacBook-Pro.local
machine: x86_64
clock source: unix
detected number of CPU cores: 4
current working directory: /Users/karthikragunath/Documents/GitHub/uWSGIFlask
detected binary path: /Library/Frameworks/Python.framework/Versions/3.6/bin/uwsgi
!!! no internal routing support, rebuild with pcre support !!!
chdir() to /Users/karthikragunath/Documents/GitHub/
your processes number limit is 709
your memory page size is 4096 bytes
detected max file descriptor number: 7168
lock engine: OSX spinlocks
thunder lock: disabled (you can enable it with --thunder-lock)
uWSGI http bound on 0.0.0.0:8000 fd 4
uwsgi socket 0 bound to TCP address 127.0.0.1:59068 (port auto-assigned) fd 3
Python version: 3.6.6 (v3.6.6:4cf1f54eb7, Jun 26 2018, 19:50:54)  [GCC 4.2.1 Compatible Apple LLVM 6.0 (clang-600.0.57)]
*** Python threads support is disabled. You can enable it with --enable-threads ***
Python main interpreter initialized at 0x7fb10802d400
your server socket listen backlog is limited to 100 connections
your mercy for graceful operations on workers is 60 seconds
mapped 437328 bytes (427 KB) for 5 cores
*** Operational MODE: preforking ***
/Users/karthikragunath/Documents/GitHub
WSGI app 0 (mountpoint='') ready in 1 seconds on interpreter 0x7fb10802d400 pid: 86953 (default app)
*** uWSGI is running in multiple interpreter mode ***
spawned uWSGI master process (pid: 86953)
spawned uWSGI worker 1 (pid: 86954, cores: 1)
spawned uWSGI worker 2 (pid: 86955, cores: 1)
spawned uWSGI worker 3 (pid: 86956, cores: 1)
spawned uWSGI worker 4 (pid: 86957, cores: 1)
spawned uWSGI worker 5 (pid: 86958, cores: 1)
spawned uWSGI http 1 (pid: 86959)
9
[pid: 86957|app: 0|req: 1/1] 127.0.0.1 () {38 vars in 681 bytes} [Tue Nov 27 18:36:14 2018] GET /9 => generated 25 bytes in 4 msecs (HTTP/1.1 200) 2 headers in 79 bytes (1 switches on core 0)
SIGINT/SIGQUIT received...killing workers...
gateway "uWSGI http 1" has been buried (pid: 86959)
worker 5 buried after 1 seconds
worker 4 buried after 1 seconds
worker 3 buried after 1 seconds
worker 2 buried after 1 seconds
worker 1 buried after 1 seconds
goodbye to uWSGI.
*** Starting uWSGI 2.0.17.1 (64bit) on [Tue Nov 27 19:06:19 2018] ***
compiled with version: 4.2.1 Compatible Apple LLVM 9.1.0 (clang-902.0.39.2) on 27 November 2018 08:43:17
os: Darwin-17.5.0 Darwin Kernel Version 17.5.0: Mon Mar  5 22:24:32 PST 2018; root:xnu-4570.51.1~1/RELEASE_X86_64
nodename: Karthiks-MacBook-Pro.local
machine: x86_64
clock source: unix
detected number of CPU cores: 4
current working directory: /Users/karthikragunath/Documents/GitHub/FlaskUWSGI/uWSGIFlask
detected binary path: /Library/Frameworks/Python.framework/Versions/3.6/bin/uwsgi
!!! no internal routing support, rebuild with pcre support !!!
chdir() to /Users/karthikragunath/Documents/GitHub/FlaskUWSGI
your processes number limit is 709
your memory page size is 4096 bytes
detected max file descriptor number: 7168
lock engine: OSX spinlocks
thunder lock: disabled (you can enable it with --thunder-lock)
uWSGI http bound on 0.0.0.0:8000 fd 4
uwsgi socket 0 bound to TCP address 127.0.0.1:49714 (port auto-assigned) fd 3
Python version: 3.6.6 (v3.6.6:4cf1f54eb7, Jun 26 2018, 19:50:54)  [GCC 4.2.1 Compatible Apple LLVM 6.0 (clang-600.0.57)]
*** Python threads support is disabled. You can enable it with --enable-threads ***
Python main interpreter initialized at 0x7ff390812000
your server socket listen backlog is limited to 100 connections
your mercy for graceful operations on workers is 60 seconds
mapped 437328 bytes (427 KB) for 5 cores
*** Operational MODE: preforking ***
/Users/karthikragunath/Documents/GitHub/FlaskUWSGI
WSGI app 0 (mountpoint='') ready in 0 seconds on interpreter 0x7ff390812000 pid: 87479 (default app)
*** uWSGI is running in multiple interpreter mode ***
spawned uWSGI master process (pid: 87479)
spawned uWSGI worker 1 (pid: 87480, cores: 1)
spawned uWSGI worker 2 (pid: 87481, cores: 1)
spawned uWSGI worker 3 (pid: 87482, cores: 1)
spawned uWSGI worker 4 (pid: 87483, cores: 1)
spawned uWSGI worker 5 (pid: 87484, cores: 1)
spawned uWSGI http 1 (pid: 87485)
9000
[pid: 87484|app: 0|req: 1/1] 127.0.0.1 () {36 vars in 656 bytes} [Tue Nov 27 19:06:47 2018] GET /9000 => generated 97 bytes in 7 msecs (HTTP/1.1 200) 2 headers in 79 bytes (1 switches on core 0)
SIGINT/SIGQUIT received...killing workers...
gateway "uWSGI http 1" has been buried (pid: 87485)
worker 5 buried after 1 seconds
worker 4 buried after 1 seconds
worker 3 buried after 1 seconds
worker 2 buried after 1 seconds
worker 1 buried after 1 seconds
goodbye to uWSGI.
